  main.cpp
\\depot.engr.oregonstate.edu\users\zhenjint\windows.documents\desktop\ian\summarintern_ian\barycentric & mt alg programs\mollertrumborealg\mollertrumborealg\main.cpp(24): warning C4244: 'initializing': conversion from 'double' to 'float', possible loss of data
\\depot.engr.oregonstate.edu\users\zhenjint\windows.documents\desktop\ian\summarintern_ian\barycentric & mt alg programs\mollertrumborealg\mollertrumborealg\main.cpp(25): warning C4244: 'argument': conversion from 'double' to 'const float', possible loss of data
\\depot.engr.oregonstate.edu\users\zhenjint\windows.documents\desktop\ian\summarintern_ian\barycentric & mt alg programs\mollertrumborealg\mollertrumborealg\main.cpp(25): warning C4305: 'argument': truncation from 'double' to 'float'
\\depot.engr.oregonstate.edu\users\zhenjint\windows.documents\desktop\ian\summarintern_ian\barycentric & mt alg programs\mollertrumborealg\mollertrumborealg\main.cpp(31): warning C4018: '<': signed/unsigned mismatch
\\depot.engr.oregonstate.edu\users\zhenjint\windows.documents\desktop\ian\summarintern_ian\barycentric & mt alg programs\mollertrumborealg\mollertrumborealg\main.cpp(33): warning C4305: 'argument': truncation from 'double' to 'float'
\\depot.engr.oregonstate.edu\users\zhenjint\windows.documents\desktop\ian\summarintern_ian\barycentric & mt alg programs\mollertrumborealg\mollertrumborealg\main.cpp(52): warning C4244: 'initializing': conversion from 'double' to 'float', possible loss of data
\\depot.engr.oregonstate.edu\users\zhenjint\windows.documents\desktop\ian\summarintern_ian\barycentric & mt alg programs\mollertrumborealg\mollertrumborealg\main.cpp(53): warning C4244: 'argument': conversion from 'double' to 'const float', possible loss of data
\\depot.engr.oregonstate.edu\users\zhenjint\windows.documents\desktop\ian\summarintern_ian\barycentric & mt alg programs\mollertrumborealg\mollertrumborealg\main.cpp(53): warning C4305: 'argument': truncation from 'double' to 'float'
\\depot.engr.oregonstate.edu\users\zhenjint\windows.documents\desktop\ian\summarintern_ian\barycentric & mt alg programs\mollertrumborealg\mollertrumborealg\main.cpp(60): warning C4244: 'argument': conversion from 'time_t' to 'unsigned int', possible loss of data
\\depot.engr.oregonstate.edu\users\zhenjint\windows.documents\desktop\ian\summarintern_ian\barycentric & mt alg programs\mollertrumborealg\mollertrumborealg\main.cpp(80): warning C4018: '<': signed/unsigned mismatch
\\depot.engr.oregonstate.edu\users\zhenjint\windows.documents\desktop\ian\summarintern_ian\barycentric & mt alg programs\mollertrumborealg\mollertrumborealg\main.cpp(82): warning C4018: '<': signed/unsigned mismatch
\\depot.engr.oregonstate.edu\users\zhenjint\windows.documents\desktop\ian\summarintern_ian\barycentric & mt alg programs\mollertrumborealg\mollertrumborealg\main.cpp(113): warning C4244: 'argument': conversion from 'double' to 'float', possible loss of data
\\depot.engr.oregonstate.edu\users\zhenjint\windows.documents\desktop\ian\summarintern_ian\barycentric & mt alg programs\mollertrumborealg\mollertrumborealg\main.cpp(112): warning C4244: 'argument': conversion from 'double' to 'float', possible loss of data
\\depot.engr.oregonstate.edu\users\zhenjint\windows.documents\desktop\ian\summarintern_ian\barycentric & mt alg programs\mollertrumborealg\mollertrumborealg\main.cpp(111): warning C4244: 'argument': conversion from 'double' to 'float', possible loss of data
  Generating code
  1 of 532 functions ( 0.2%) were compiled, the rest were copied from previous compilation.
    0 functions were new in current compilation
    0 functions had inline decision re-evaluated but remain unchanged
  Finished generating code
  MollerTrumboreAlg.vcxproj -> \\depot.engr.oregonstate.edu\users\zhenjinT\Windows.Documents\Desktop\Ian\SummarIntern_Ian\Barycentric & MT Alg Programs\MollerTrumboreAlg\Release\MollerTrumboreAlg.exe
