  main.cpp
\\depot.engr.oregonstate.edu\users\zhenjint\windows.documents\desktop\ian\summarintern_ian\barycentric & mt alg programs\mollertrumborealg\mollertrumborealg\main.cpp(24): warning C4244: 'initializing': conversion from 'double' to 'float', possible loss of data
\\depot.engr.oregonstate.edu\users\zhenjint\windows.documents\desktop\ian\summarintern_ian\barycentric & mt alg programs\mollertrumborealg\mollertrumborealg\main.cpp(25): warning C4244: 'argument': conversion from 'double' to 'const float', possible loss of data
\\depot.engr.oregonstate.edu\users\zhenjint\windows.documents\desktop\ian\summarintern_ian\barycentric & mt alg programs\mollertrumborealg\mollertrumborealg\main.cpp(25): warning C4305: 'argument': truncation from 'double' to 'float'
\\depot.engr.oregonstate.edu\users\zhenjint\windows.documents\desktop\ian\summarintern_ian\barycentric & mt alg programs\mollertrumborealg\mollertrumborealg\main.cpp(31): warning C4018: '<': signed/unsigned mismatch
\\depot.engr.oregonstate.edu\users\zhenjint\windows.documents\desktop\ian\summarintern_ian\barycentric & mt alg programs\mollertrumborealg\mollertrumborealg\main.cpp(33): warning C4305: 'argument': truncation from 'double' to 'float'
\\depot.engr.oregonstate.edu\users\zhenjint\windows.documents\desktop\ian\summarintern_ian\barycentric & mt alg programs\mollertrumborealg\mollertrumborealg\main.cpp(52): warning C4244: 'initializing': conversion from 'double' to 'float', possible loss of data
\\depot.engr.oregonstate.edu\users\zhenjint\windows.documents\desktop\ian\summarintern_ian\barycentric & mt alg programs\mollertrumborealg\mollertrumborealg\main.cpp(53): warning C4244: 'argument': conversion from 'double' to 'const float', possible loss of data
\\depot.engr.oregonstate.edu\users\zhenjint\windows.documents\desktop\ian\summarintern_ian\barycentric & mt alg programs\mollertrumborealg\mollertrumborealg\main.cpp(53): warning C4305: 'argument': truncation from 'double' to 'float'
\\depot.engr.oregonstate.edu\users\zhenjint\windows.documents\desktop\ian\summarintern_ian\barycentric & mt alg programs\mollertrumborealg\mollertrumborealg\main.cpp(60): warning C4244: 'argument': conversion from 'time_t' to 'unsigned int', possible loss of data
\\depot.engr.oregonstate.edu\users\zhenjint\windows.documents\desktop\ian\summarintern_ian\barycentric & mt alg programs\mollertrumborealg\mollertrumborealg\main.cpp(80): warning C4018: '<': signed/unsigned mismatch
\\depot.engr.oregonstate.edu\users\zhenjint\windows.documents\desktop\ian\summarintern_ian\barycentric & mt alg programs\mollertrumborealg\mollertrumborealg\main.cpp(82): warning C4018: '<': signed/unsigned mismatch
\\depot.engr.oregonstate.edu\users\zhenjint\windows.documents\desktop\ian\summarintern_ian\barycentric & mt alg programs\mollertrumborealg\mollertrumborealg\main.cpp(113): warning C4244: 'argument': conversion from 'double' to 'float', possible loss of data
\\depot.engr.oregonstate.edu\users\zhenjint\windows.documents\desktop\ian\summarintern_ian\barycentric & mt alg programs\mollertrumborealg\mollertrumborealg\main.cpp(112): warning C4244: 'argument': conversion from 'double' to 'float', possible loss of data
\\depot.engr.oregonstate.edu\users\zhenjint\windows.documents\desktop\ian\summarintern_ian\barycentric & mt alg programs\mollertrumborealg\mollertrumborealg\main.cpp(111): warning C4244: 'argument': conversion from 'double' to 'float', possible loss of data
  mesh2.cpp
\\depot.engr.oregonstate.edu\users\zhenjint\windows.documents\desktop\ian\summarintern_ian\barycentric & mt alg programs\mollertrumborealg\mollertrumborealg\mesh2.cpp(38): warning C4018: '<': signed/unsigned mismatch
\\depot.engr.oregonstate.edu\users\zhenjint\windows.documents\desktop\ian\summarintern_ian\barycentric & mt alg programs\mollertrumborealg\mollertrumborealg\mesh2.cpp(45): warning C4018: '<': signed/unsigned mismatch
\\depot.engr.oregonstate.edu\users\zhenjint\windows.documents\desktop\ian\summarintern_ian\barycentric & mt alg programs\mollertrumborealg\mollertrumborealg\mesh2.cpp(67): warning C4018: '<': signed/unsigned mismatch
\\depot.engr.oregonstate.edu\users\zhenjint\windows.documents\desktop\ian\summarintern_ian\barycentric & mt alg programs\mollertrumborealg\mollertrumborealg\mesh2.cpp(71): warning C4018: '<': signed/unsigned mismatch
\\depot.engr.oregonstate.edu\users\zhenjint\windows.documents\desktop\ian\summarintern_ian\barycentric & mt alg programs\mollertrumborealg\mollertrumborealg\mesh2.cpp(78): warning C4018: '<': signed/unsigned mismatch
\\depot.engr.oregonstate.edu\users\zhenjint\windows.documents\desktop\ian\summarintern_ian\barycentric & mt alg programs\mollertrumborealg\mollertrumborealg\mesh2.cpp(84): warning C4018: '<': signed/unsigned mismatch
  Generating Code...
  MollerTrumboreAlg.vcxproj -> \\depot.engr.oregonstate.edu\users\zhenjinT\Windows.Documents\Desktop\Ian\SummarIntern_Ian\Barycentric & MT Alg Programs\MollerTrumboreAlg\Debug\MollerTrumboreAlg.exe
